[06-Mar-2023 19:36:37 UTC] Sync process for Gutenberg Blocks has started.
[06-Mar-2023 19:36:37 UTC] CATEGORY:Importing categories..
[06-Mar-2023 19:36:38 UTC] CATEGORY:Storing in option ast-block-templates-categories
[06-Mar-2023 19:36:38 UTC] CATEGORY:Completed category import.
[06-Mar-2023 19:36:38 UTC] BLOCK: Getting Total Blocks
[06-Mar-2023 19:36:38 UTC] BLOCK: https://websitedemos.net/wp-json/astra-blocks/v1/get-blocks-count/?page_builder=gutenberg&wireframe=yes
[06-Mar-2023 19:36:39 UTC] BLOCK: Requests count 4
[06-Mar-2023 19:36:39 UTC] BLOCK: Importing request 1 ..
[06-Mar-2023 19:36:39 UTC] BLOCK: https://websitedemos.net/wp-json/astra-blocks/v1/blocks/?page_builder=gutenberg&per_page=100&page=1&wireframe=yes
[06-Mar-2023 19:36:40 UTC] BLOCK: Storing in option ast-block-templates-blocks-1
[06-Mar-2023 19:36:40 UTC] BLOCK: Completed request 1
[06-Mar-2023 19:36:40 UTC] BLOCK: Importing request 2 ..
[06-Mar-2023 19:36:40 UTC] BLOCK: https://websitedemos.net/wp-json/astra-blocks/v1/blocks/?page_builder=gutenberg&per_page=100&page=2&wireframe=yes
[06-Mar-2023 19:36:41 UTC] BLOCK: Storing in option ast-block-templates-blocks-2
[06-Mar-2023 19:36:41 UTC] BLOCK: Completed request 2
[06-Mar-2023 19:36:41 UTC] BLOCK: Importing request 3 ..
[06-Mar-2023 19:36:41 UTC] BLOCK: https://websitedemos.net/wp-json/astra-blocks/v1/blocks/?page_builder=gutenberg&per_page=100&page=3&wireframe=yes
[06-Mar-2023 19:36:41 UTC] BLOCK: Storing in option ast-block-templates-blocks-3
[06-Mar-2023 19:36:41 UTC] BLOCK: Completed request 3
[06-Mar-2023 19:36:41 UTC] BLOCK: Importing request 4 ..
[06-Mar-2023 19:36:41 UTC] BLOCK: https://websitedemos.net/wp-json/astra-blocks/v1/blocks/?page_builder=gutenberg&per_page=100&page=4&wireframe=yes
[06-Mar-2023 19:36:42 UTC] BLOCK: Storing in option ast-block-templates-blocks-4
[06-Mar-2023 19:36:42 UTC] BLOCK: Completed request 4
[06-Mar-2023 19:36:42 UTC] SITE: Getting Total Sites
[06-Mar-2023 19:36:42 UTC] SITE: https://websitedemos.net/wp-json/astra-sites/v1/get-total-pages/?page_builder=gutenberg
[06-Mar-2023 19:36:43 UTC] SITE: Request count 2
[06-Mar-2023 19:36:43 UTC] SITE: Importing request 1 ..
[06-Mar-2023 19:36:43 UTC] SITE: https://websitedemos.net/wp-json/astra-sites/v1/sites-and-pages/?per_page=100&page=1&page-builder=gutenberg
[06-Mar-2023 19:36:45 UTC] SITE: Storing in option ast-block-templates-sites-1
[06-Mar-2023 19:36:45 UTC] SITE: Completed request 1
[06-Mar-2023 19:36:45 UTC] SITE: Importing request 2 ..
[06-Mar-2023 19:36:45 UTC] SITE: https://websitedemos.net/wp-json/astra-sites/v1/sites-and-pages/?per_page=100&page=2&page-builder=gutenberg
[06-Mar-2023 19:36:45 UTC] SITE: Storing in option ast-block-templates-sites-2
[06-Mar-2023 19:36:45 UTC] SITE: Completed request 2
[06-Mar-2023 19:36:45 UTC] Sync process for Gutenberg Blocks is done.
